|==============================================================================|
|=========                       OpenRAM v1.1.0                       =========|
|=========                                                            =========|
|=========               VLSI Design and Automation Lab               =========|
|=========        Computer Science and Engineering Department         =========|
|=========            University of California Santa Cruz             =========|
|=========                                                            =========|
|=========          Usage help: openram-user-group@ucsc.edu           =========|
|=========        Development help: openram-dev-group@ucsc.edu        =========|
|=========         Temp dir: /tmp/openram_krishna_17487_temp/         =========|
|=========                See LICENSE for license info                =========|
|==============================================================================|
** Start: 10/21/2019 18:16:47
Technology: freepdk45
Total size: 8192 bits
Word size: 8
Words: 1024
Banks: 1
Write size: None
RW ports: 1
R-only ports: 0
W-only ports: 0
Design supply routing skipped. Supplies will have multiple must-connect pins. (route_supplies=True to enable supply routing).
DRC/LVS/PEX is only run on the top-level design to save run-time (inline_lvsdrc=True to do inline checking).
DRC/LVS/PEX is disabled (check_lvsdrc=True to enable).
Characterization is disabled (using analytical delay models) (analytical_delay=False to simulate).
Words per row: 8
Output files are: 
/home/krishna/mem/sram_8_1024_freepdk45.sp
/home/krishna/mem/sram_8_1024_freepdk45.v
/home/krishna/mem/sram_8_1024_freepdk45.lib
/home/krishna/mem/sram_8_1024_freepdk45.py
/home/krishna/mem/sram_8_1024_freepdk45.html
/home/krishna/mem/sram_8_1024_freepdk45.log
/home/krishna/mem/sram_8_1024_freepdk45.lef
/home/krishna/mem/sram_8_1024_freepdk45.gds
** Submodules: 6.8 seconds
** Placement: 0.0 seconds
** Routing: 0.9 seconds
** Verification: 0.0 seconds
** SRAM creation: 7.9 seconds
LEF: Writing to /home/krishna/mem/sram_8_1024_freepdk45.lef
** LEF: 31.5 seconds
GDS: Writing to /home/krishna/mem/sram_8_1024_freepdk45.gds
** GDS: 2.6 seconds
SP: Writing to /home/krishna/mem/sram_8_1024_freepdk45.sp
** Spice writing: 0.1 seconds
LIB: Characterizing... 
WARNING: file hierarchy_spice.py: line 325: Design Class ptx logical effort function needs to be defined

WARNING: file hierarchy_spice.py: line 328: Class ptx name nmos_m1_w0_720

WARNING: file hierarchy_spice.py: line 325: Design Class ptx logical effort function needs to be defined

WARNING: file hierarchy_spice.py: line 328: Class ptx name nmos_m1_w0_720

WARNING: file hierarchy_spice.py: line 325: Design Class ptx logical effort function needs to be defined

WARNING: file hierarchy_spice.py: line 328: Class ptx name nmos_m1_w0_720

WARNING: file hierarchy_spice.py: line 325: Design Class ptx logical effort function needs to be defined

WARNING: file hierarchy_spice.py: line 328: Class ptx name nmos_m1_w0_720

WARNING: file hierarchy_spice.py: line 325: Design Class ptx logical effort function needs to be defined

WARNING: file hierarchy_spice.py: line 328: Class ptx name nmos_m1_w0_720

WARNING: file hierarchy_spice.py: line 325: Design Class ptx logical effort function needs to be defined

WARNING: file hierarchy_spice.py: line 328: Class ptx name nmos_m1_w0_720

WARNING: file hierarchy_spice.py: line 325: Design Class ptx logical effort function needs to be defined

WARNING: file hierarchy_spice.py: line 328: Class ptx name nmos_m1_w0_720

WARNING: file hierarchy_spice.py: line 325: Design Class ptx logical effort function needs to be defined

WARNING: file hierarchy_spice.py: line 328: Class ptx name nmos_m1_w0_720

WARNING: file hierarchy_spice.py: line 325: Design Class ptx logical effort function needs to be defined

WARNING: file hierarchy_spice.py: line 328: Class ptx name nmos_m1_w0_720

** Characterization: 1.3 seconds
Config: Writing to /home/krishna/mem/sram_8_1024_freepdk45.py
** Config: 0.0 seconds
Datasheet: Writing to /home/krishna/mem/sram_8_1024_freepdk45.html
** Datasheet: 0.0 seconds
Verilog: Writing to /home/krishna/mem/sram_8_1024_freepdk45.v
** Verilog: 0.0 seconds
** End: 43.8 seconds
